1514647860465	geckodriver	INFO	geckodriver 0.19.1 (0000000000000000000000000000000000000000 2017-10-31)
1514647860482	geckodriver	INFO	Listening on 127.0.0.1:52515
1514647862476	mozrunner::runner	INFO	Running command: "C:\\Program Files\\Mozilla Firefox\\firefox.exe" "-marionette" "-profile" "C:\\Users\\ADMINI~1\\AppData\\Local\\Temp\\rust_mozprofile.L8qlAMAiUZ0n"
1514647863459	Marionette	INFO	Enabled via --marionette
[GFX1-]: Could not get a DXGI adapter
[GFX1-]: Could not get a DXGI adapter
Unable to read VR Path Registry from C:\Users\Administrator\AppData\Local\openvr\openvrpaths.vrpath
[Parent 2944, Gecko_IOThread] WARNING: pipe error: 109: file z:/build/build/src/ipc/chromium/src/chrome/common/ipc_channel_win.cc, line 346
Unable to read VR Path Registry from C:\Users\Administrator\AppData\Local\openvr\openvrpaths.vrpath
[Child 7688, Chrome_ChildThread] WARNING: pipe error: 109: file z:/build/build/src/ipc/chromium/src/chrome/common/ipc_channel_win.cc, line 346
[Child 7688, Chrome_ChildThread] WARNING: pipe error: 109: file z:/build/build/src/ipc/chromium/src/chrome/common/ipc_channel_win.cc, line 346
[GFX1-]: Could not get a DXGI adapter
1514647867235	Marionette	INFO	Listening on port 52521
1514647867734	Marionette	WARN	TLS certificate errors will be ignored for this session
1514647867783	Marionette	DEBUG	Register listener.js for window 4294967297
1514647867881	Marionette	DEBUG	Received DOM event "beforeunload" for "about:blank"
1514647871952	Marionette	DEBUG	Received DOM event "pagehide" for "about:blank"
1514647871953	Marionette	DEBUG	Received DOM event "unload" for "about:blank"
Unable to read VR Path Registry from C:\Users\Administrator\AppData\Local\openvr\openvrpaths.vrpath
JavaScript error: https://ss1.bdstatic.com/5eN1bjq8AAUYm2zgoY3K/r/www/cache/static/protocol/https/plugins/every_cookie_4644b13.js, line 4: ReferenceError: c is not defined
1514647872611	Marionette	DEBUG	Received DOM event "DOMContentLoaded" for "https://www.baidu.com/"
1514647872663	Marionette	DEBUG	Received DOM event "pageshow" for "https://www.baidu.com/"
JavaScript error: https://sp0.baidu.com/5a1Fazu8AA54nxGko9WTAnF6hhy/su?wd=FireF&json=1&p=3&sid=1429_24886_21127_17001_25438_25178_22072&req=2&csor=5&pwd=Fire&cb=jQuery1102003425812693911423_1514647872289&_=1514647872295, line 1: TypeError: jQuery1102003425812693911423_1514647872289 is not a function
JavaScript error: https://sp0.baidu.com/5a1Fazu8AA54nxGko9WTAnF6hhy/su?wd=Fir&json=1&p=3&sid=1429_24886_21127_17001_25438_25178_22072&req=2&csor=3&pwd=Fi&cb=jQuery1102003425812693911423_1514647872289&_=1514647872293, line 1: TypeError: jQuery1102003425812693911423_1514647872289 is not a function
JavaScript error: https://sp0.baidu.com/5a1Fazu8AA54nxGko9WTAnF6hhy/su?wd=FireFo&json=1&p=3&sid=1429_24886_21127_17001_25438_25178_22072&req=2&csor=6&pwd=FireF&cb=jQuery1102003425812693911423_1514647872289&_=1514647872296, line 1: TypeError: jQuery1102003425812693911423_1514647872289 is not a function
1514647882131	Marionette	DEBUG	Canceled page load listener because no navigation has been detected
